<?xml version="1.0" encoding="UTF-8"?>
<!-- Generated by org.testng.reporters.JUnitReportReporter -->
<testsuite skipped="0" hostname="Daisy" name="TestCase.LoginPageTest" tests="1" failures="0" timestamp="2021-06-21T23:01:17 CDT" time="14.673" errors="0">
  <testcase name="loginTest" time="14.673" classname="TestCase.LoginPageTest"/>
  <system-out/>
</testsuite> <!-- TestCase.LoginPageTest -->
